;  LST file generated by mikroListExporter - v.2.0 
; Date/Time: 8/25/2025 1:50:42 AM
;----------------------------------------------

;Address Opcode 	ASM
0x0000	0x2992      	GOTO       402
_interrupt:
0x0004	0x00FF      	MOVWF      R15
0x0005	0x0E03      	SWAPF      STATUS, 0
0x0006	0x0183      	CLRF       STATUS
0x0007	0x00A7      	MOVWF      ___saveSTATUS
0x0008	0x080A      	MOVF       PCLATH, 0
0x0009	0x00A6      	MOVWF      ___savePCLATH
0x000A	0x018A      	CLRF       PCLATH
0x000B	0x0870      	MOVF       R0, 0
0x000C	0x00A2      	MOVWF      34
0x000D	0x087C      	MOVF       R12, 0
0x000E	0x00A1      	MOVWF      33
0x000F	0x087D      	MOVF       R13, 0
0x0010	0x00A0      	MOVWF      32
;final.c,3 :: 		void interrupt() // Interrupt block of code.
;final.c,5 :: 		if(INTf_bit==1) // If manual button is clicked, then
0x0011	0x1C8B      	BTFSS      INTF_bit, BitPos(INTF_bit+0)
0x0012	0x28E4      	GOTO       L_interrupt0
;final.c,6 :: 		{    portc=portd=0;
0x0013	0x0188      	CLRF       PORTD
0x0014	0x0808      	MOVF       PORTD, 0
0x0015	0x0087      	MOVWF      PORTC
;final.c,7 :: 		porta.b0=1;     porta.b1=1;
0x0016	0x1405      	BSF        PORTA, 0
0x0017	0x1485      	BSF        PORTA, 1
;final.c,8 :: 		porta.b2=1;     porta.b3=1;// All 7-segs   are off
0x0018	0x1505      	BSF        PORTA, 2
0x0019	0x1585      	BSF        PORTA, 3
;final.c,9 :: 		while(portb.b7==1); // Waiting switch button to be clicked.
L_interrupt1:
0x001A	0x1F86      	BTFSS      PORTB, 7
0x001B	0x281D      	GOTO       L_interrupt2
0x001C	0x281A      	GOTO       L_interrupt1
L_interrupt2:
;final.c,10 :: 		INTf_bit=0;
0x001D	0x108B      	BCF        INTF_bit, BitPos(INTF_bit+0)
;final.c,11 :: 		while(1)
L_interrupt3:
;final.c,14 :: 		if(portb.b7==0 && portb.b6==1 &&portb.b5==1){ // If west street red light is on, then
0x001E	0x1B86      	BTFSC      PORTB, 7
0x001F	0x2850      	GOTO       L_interrupt7
0x0020	0x1F06      	BTFSS      PORTB, 6
0x0021	0x2850      	GOTO       L_interrupt7
0x0022	0x1E86      	BTFSS      PORTB, 5
0x0023	0x2850      	GOTO       L_interrupt7
L__interrupt63:
;final.c,15 :: 		portb.b5=0;
0x0024	0x1286      	BCF        PORTB, 5
;final.c,16 :: 		portb.b4=1;
0x0025	0x1606      	BSF        PORTB, 4
;final.c,17 :: 		for(a=3 ; a>=0 ;a--){
0x0026	0x3003      	MOVLW      3
0x0027	0x00A5      	MOVWF      _a
L_interrupt8:
0x0028	0x3000      	MOVLW      0
0x0029	0x0225      	SUBWF      _a, 0
0x002A	0x1C03      	BTFSS      STATUS, 0
0x002B	0x2847      	GOTO       L_interrupt9
;final.c,18 :: 		porta.B3=0;   porta.B1=0;
0x002C	0x1185      	BCF        PORTA, 3
0x002D	0x1085      	BCF        PORTA, 1
;final.c,19 :: 		portd=a;
0x002E	0x0825      	MOVF       _a, 0
0x002F	0x0088      	MOVWF      PORTD
;final.c,20 :: 		portc=a;
0x0030	0x0825      	MOVF       _a, 0
0x0031	0x0087      	MOVWF      PORTC
;final.c,21 :: 		delay_ms(1000);
0x0032	0x300B      	MOVLW      11
0x0033	0x00FB      	MOVWF      R11
0x0034	0x3026      	MOVLW      38
0x0035	0x00FC      	MOVWF      R12
0x0036	0x305D      	MOVLW      93
0x0037	0x00FD      	MOVWF      R13
L_interrupt11:
0x0038	0x0BFD      	DECFSZ     R13, 1
0x0039	0x2838      	GOTO       L_interrupt11
0x003A	0x0BFC      	DECFSZ     R12, 1
0x003B	0x2838      	GOTO       L_interrupt11
0x003C	0x0BFB      	DECFSZ     R11, 1
0x003D	0x2838      	GOTO       L_interrupt11
0x003E	0x0000      	NOP
0x003F	0x0000      	NOP
;final.c,22 :: 		if(a==1) break;
0x0040	0x0825      	MOVF       _a, 0
0x0041	0x3A01      	XORLW      1
0x0042	0x1D03      	BTFSS      STATUS, 2
0x0043	0x2845      	GOTO       L_interrupt12
0x0044	0x2847      	GOTO       L_interrupt9
L_interrupt12:
;final.c,17 :: 		for(a=3 ; a>=0 ;a--){
0x0045	0x03A5      	DECF       _a, 1
;final.c,23 :: 		}
0x0046	0x2828      	GOTO       L_interrupt8
L_interrupt9:
;final.c,24 :: 		portb.b6=0;
0x0047	0x1306      	BCF        PORTB, 6
;final.c,25 :: 		portb.b2=1;
0x0048	0x1506      	BSF        PORTB, 2
;final.c,26 :: 		portb.b4=0;
0x0049	0x1206      	BCF        PORTB, 4
;final.c,27 :: 		portb.b3=1;
0x004A	0x1586      	BSF        PORTB, 3
;final.c,28 :: 		porta.B3=1;
0x004B	0x1585      	BSF        PORTA, 3
;final.c,29 :: 		porta.B1=1;
0x004C	0x1485      	BSF        PORTA, 1
;final.c,30 :: 		while(portb.b7==1);
L_interrupt13:
0x004D	0x1F86      	BTFSS      PORTB, 7
0x004E	0x2850      	GOTO       L_interrupt14
0x004F	0x284D      	GOTO       L_interrupt13
L_interrupt14:
;final.c,31 :: 		}
L_interrupt7:
;final.c,34 :: 		if(portb.b7==0 && portb.b2==1 && portb.b3==1){
0x0050	0x1B86      	BTFSC      PORTB, 7
0x0051	0x2883      	GOTO       L_interrupt17
0x0052	0x1D06      	BTFSS      PORTB, 2
0x0053	0x2883      	GOTO       L_interrupt17
0x0054	0x1D86      	BTFSS      PORTB, 3
0x0055	0x2883      	GOTO       L_interrupt17
L__interrupt62:
;final.c,35 :: 		portb.b2=0;
0x0056	0x1106      	BCF        PORTB, 2
;final.c,36 :: 		portb.b1=1; // south street yellow light will be on
0x0057	0x1486      	BSF        PORTB, 1
;final.c,37 :: 		for(a=3 ; a>=0 ;a--){
0x0058	0x3003      	MOVLW      3
0x0059	0x00A5      	MOVWF      _a
L_interrupt18:
0x005A	0x3000      	MOVLW      0
0x005B	0x0225      	SUBWF      _a, 0
0x005C	0x1C03      	BTFSS      STATUS, 0
0x005D	0x2879      	GOTO       L_interrupt19
;final.c,38 :: 		porta.B1=0;  porta.B3=0;
0x005E	0x1085      	BCF        PORTA, 1
0x005F	0x1185      	BCF        PORTA, 3
;final.c,39 :: 		portd=a;
0x0060	0x0825      	MOVF       _a, 0
0x0061	0x0088      	MOVWF      PORTD
;final.c,40 :: 		portc=a;
0x0062	0x0825      	MOVF       _a, 0
0x0063	0x0087      	MOVWF      PORTC
;final.c,41 :: 		delay_ms(1000);
0x0064	0x300B      	MOVLW      11
0x0065	0x00FB      	MOVWF      R11
0x0066	0x3026      	MOVLW      38
0x0067	0x00FC      	MOVWF      R12
0x0068	0x305D      	MOVLW      93
0x0069	0x00FD      	MOVWF      R13
L_interrupt21:
0x006A	0x0BFD      	DECFSZ     R13, 1
0x006B	0x286A      	GOTO       L_interrupt21
0x006C	0x0BFC      	DECFSZ     R12, 1
0x006D	0x286A      	GOTO       L_interrupt21
0x006E	0x0BFB      	DECFSZ     R11, 1
0x006F	0x286A      	GOTO       L_interrupt21
0x0070	0x0000      	NOP
0x0071	0x0000      	NOP
;final.c,42 :: 		if(a==1) break;
0x0072	0x0825      	MOVF       _a, 0
0x0073	0x3A01      	XORLW      1
0x0074	0x1D03      	BTFSS      STATUS, 2
0x0075	0x2877      	GOTO       L_interrupt22
0x0076	0x2879      	GOTO       L_interrupt19
L_interrupt22:
;final.c,37 :: 		for(a=3 ; a>=0 ;a--){
0x0077	0x03A5      	DECF       _a, 1
;final.c,43 :: 		}
0x0078	0x285A      	GOTO       L_interrupt18
L_interrupt19:
;final.c,44 :: 		portb.b3=0; // and green light will be off.
0x0079	0x1186      	BCF        PORTB, 3
;final.c,45 :: 		portb.b5=1;
0x007A	0x1686      	BSF        PORTB, 5
;final.c,46 :: 		porta.B1=1;
0x007B	0x1485      	BSF        PORTA, 1
;final.c,47 :: 		porta.B3=1;
0x007C	0x1585      	BSF        PORTA, 3
;final.c,48 :: 		portb.b3=0;
0x007D	0x1186      	BCF        PORTB, 3
;final.c,49 :: 		portb.b1=0;
0x007E	0x1086      	BCF        PORTB, 1
;final.c,50 :: 		portb.b6=1;
0x007F	0x1706      	BSF        PORTB, 6
;final.c,51 :: 		while(portb.b7==1);
L_interrupt23:
0x0080	0x1F86      	BTFSS      PORTB, 7
0x0081	0x2883      	GOTO       L_interrupt24
0x0082	0x2880      	GOTO       L_interrupt23
L_interrupt24:
;final.c,52 :: 		}
L_interrupt17:
;final.c,54 :: 		if(portb.b7==0 && portb.b1==1 && portb.b3==1) {
0x0083	0x1B86      	BTFSC      PORTB, 7
0x0084	0x28B3      	GOTO       L_interrupt27
0x0085	0x1C86      	BTFSS      PORTB, 1
0x0086	0x28B3      	GOTO       L_interrupt27
0x0087	0x1D86      	BTFSS      PORTB, 3
0x0088	0x28B3      	GOTO       L_interrupt27
L__interrupt61:
;final.c,56 :: 		for(a=3 ; a>=0 ;a--){
0x0089	0x3003      	MOVLW      3
0x008A	0x00A5      	MOVWF      _a
L_interrupt28:
0x008B	0x3000      	MOVLW      0
0x008C	0x0225      	SUBWF      _a, 0
0x008D	0x1C03      	BTFSS      STATUS, 0
0x008E	0x28AA      	GOTO       L_interrupt29
;final.c,57 :: 		porta.B1=0; porta.B3=0;
0x008F	0x1085      	BCF        PORTA, 1
0x0090	0x1185      	BCF        PORTA, 3
;final.c,58 :: 		portd=a;
0x0091	0x0825      	MOVF       _a, 0
0x0092	0x0088      	MOVWF      PORTD
;final.c,59 :: 		portc=a;
0x0093	0x0825      	MOVF       _a, 0
0x0094	0x0087      	MOVWF      PORTC
;final.c,60 :: 		delay_ms(1000);
0x0095	0x300B      	MOVLW      11
0x0096	0x00FB      	MOVWF      R11
0x0097	0x3026      	MOVLW      38
0x0098	0x00FC      	MOVWF      R12
0x0099	0x305D      	MOVLW      93
0x009A	0x00FD      	MOVWF      R13
L_interrupt31:
0x009B	0x0BFD      	DECFSZ     R13, 1
0x009C	0x289B      	GOTO       L_interrupt31
0x009D	0x0BFC      	DECFSZ     R12, 1
0x009E	0x289B      	GOTO       L_interrupt31
0x009F	0x0BFB      	DECFSZ     R11, 1
0x00A0	0x289B      	GOTO       L_interrupt31
0x00A1	0x0000      	NOP
0x00A2	0x0000      	NOP
;final.c,61 :: 		if(a==1) break;
0x00A3	0x0825      	MOVF       _a, 0
0x00A4	0x3A01      	XORLW      1
0x00A5	0x1D03      	BTFSS      STATUS, 2
0x00A6	0x28A8      	GOTO       L_interrupt32
0x00A7	0x28AA      	GOTO       L_interrupt29
L_interrupt32:
;final.c,56 :: 		for(a=3 ; a>=0 ;a--){
0x00A8	0x03A5      	DECF       _a, 1
;final.c,62 :: 		}
0x00A9	0x288B      	GOTO       L_interrupt28
L_interrupt29:
;final.c,63 :: 		portb.b3=0;
0x00AA	0x1186      	BCF        PORTB, 3
;final.c,64 :: 		portb.b5=1;
0x00AB	0x1686      	BSF        PORTB, 5
;final.c,65 :: 		porta.B1=1;
0x00AC	0x1485      	BSF        PORTA, 1
;final.c,66 :: 		porta.B3=1;
0x00AD	0x1585      	BSF        PORTA, 3
;final.c,67 :: 		portb.b1=0;
0x00AE	0x1086      	BCF        PORTB, 1
;final.c,68 :: 		portb.b6=1;
0x00AF	0x1706      	BSF        PORTB, 6
;final.c,69 :: 		while(portb.b7==1);
L_interrupt33:
0x00B0	0x1F86      	BTFSS      PORTB, 7
0x00B1	0x28B3      	GOTO       L_interrupt34
0x00B2	0x28B0      	GOTO       L_interrupt33
L_interrupt34:
;final.c,70 :: 		}
L_interrupt27:
;final.c,72 :: 		if(portb.b7==0 && portb.b6==1 && portb.b4==1) {
0x00B3	0x1B86      	BTFSC      PORTB, 7
0x00B4	0x28E3      	GOTO       L_interrupt37
0x00B5	0x1F06      	BTFSS      PORTB, 6
0x00B6	0x28E3      	GOTO       L_interrupt37
0x00B7	0x1E06      	BTFSS      PORTB, 4
0x00B8	0x28E3      	GOTO       L_interrupt37
L__interrupt60:
;final.c,73 :: 		for(a=3 ; a>=0 ;a--){
0x00B9	0x3003      	MOVLW      3
0x00BA	0x00A5      	MOVWF      _a
L_interrupt38:
0x00BB	0x3000      	MOVLW      0
0x00BC	0x0225      	SUBWF      _a, 0
0x00BD	0x1C03      	BTFSS      STATUS, 0
0x00BE	0x28DA      	GOTO       L_interrupt39
;final.c,74 :: 		porta.B3=0;    porta.B1=0;
0x00BF	0x1185      	BCF        PORTA, 3
0x00C0	0x1085      	BCF        PORTA, 1
;final.c,75 :: 		portd=a;
0x00C1	0x0825      	MOVF       _a, 0
0x00C2	0x0088      	MOVWF      PORTD
;final.c,76 :: 		portc=a;
0x00C3	0x0825      	MOVF       _a, 0
0x00C4	0x0087      	MOVWF      PORTC
;final.c,77 :: 		delay_ms(1000);
0x00C5	0x300B      	MOVLW      11
0x00C6	0x00FB      	MOVWF      R11
0x00C7	0x3026      	MOVLW      38
0x00C8	0x00FC      	MOVWF      R12
0x00C9	0x305D      	MOVLW      93
0x00CA	0x00FD      	MOVWF      R13
L_interrupt41:
0x00CB	0x0BFD      	DECFSZ     R13, 1
0x00CC	0x28CB      	GOTO       L_interrupt41
0x00CD	0x0BFC      	DECFSZ     R12, 1
0x00CE	0x28CB      	GOTO       L_interrupt41
0x00CF	0x0BFB      	DECFSZ     R11, 1
0x00D0	0x28CB      	GOTO       L_interrupt41
0x00D1	0x0000      	NOP
0x00D2	0x0000      	NOP
;final.c,78 :: 		if(a==1) break;
0x00D3	0x0825      	MOVF       _a, 0
0x00D4	0x3A01      	XORLW      1
0x00D5	0x1D03      	BTFSS      STATUS, 2
0x00D6	0x28D8      	GOTO       L_interrupt42
0x00D7	0x28DA      	GOTO       L_interrupt39
L_interrupt42:
;final.c,73 :: 		for(a=3 ; a>=0 ;a--){
0x00D8	0x03A5      	DECF       _a, 1
;final.c,79 :: 		}
0x00D9	0x28BB      	GOTO       L_interrupt38
L_interrupt39:
;final.c,80 :: 		portb.b2=1;
0x00DA	0x1506      	BSF        PORTB, 2
;final.c,81 :: 		portb.b6=0;
0x00DB	0x1306      	BCF        PORTB, 6
;final.c,82 :: 		portb.b4=0;
0x00DC	0x1206      	BCF        PORTB, 4
;final.c,83 :: 		portb.b3=1;
0x00DD	0x1586      	BSF        PORTB, 3
;final.c,84 :: 		porta.B3=1;
0x00DE	0x1585      	BSF        PORTA, 3
;final.c,85 :: 		porta.B1=1;
0x00DF	0x1485      	BSF        PORTA, 1
;final.c,86 :: 		while(portb.b7==1);
L_interrupt43:
0x00E0	0x1F86      	BTFSS      PORTB, 7
0x00E1	0x28E3      	GOTO       L_interrupt44
0x00E2	0x28E0      	GOTO       L_interrupt43
L_interrupt44:
;final.c,87 :: 		}
L_interrupt37:
;final.c,89 :: 		}
0x00E3	0x281E      	GOTO       L_interrupt3
;final.c,90 :: 		}
L_interrupt0:
;final.c,91 :: 		}
L_end_interrupt:
L__interrupt66:
0x00E4	0x0822      	MOVF       34, 0
0x00E5	0x00F0      	MOVWF      R0
0x00E6	0x0821      	MOVF       33, 0
0x00E7	0x00FC      	MOVWF      R12
0x00E8	0x0820      	MOVF       32, 0
0x00E9	0x00FD      	MOVWF      R13
0x00EA	0x0826      	MOVF       ___savePCLATH, 0
0x00EB	0x008A      	MOVWF      PCLATH
0x00EC	0x0E27      	SWAPF      ___saveSTATUS, 0
0x00ED	0x0083      	MOVWF      STATUS
0x00EE	0x0EFF      	SWAPF      R15, 1
0x00EF	0x0E7F      	SWAPF      R15, 0
0x00F0	0x0009      	RETFIE
; end of _interrupt
_____DoICP:
;__Lib_System.c,6 :: 		
;__Lib_System.c,9 :: 		
0x00F1	0x1283      	BCF        STATUS, 5
0x00F2	0x1303      	BCF        STATUS, 6
0x00F3	0x0824      	MOVF       ___DoICPAddr+1, 0
0x00F4	0x008A      	MOVWF      PCLATH
;__Lib_System.c,10 :: 		
0x00F5	0x0823      	MOVF       ___DoICPAddr, 0
0x00F6	0x0082      	MOVWF      PCL
;__Lib_System.c,12 :: 		
L_end_____DoICP:
0x00F7	0x0008      	RETURN
; end of _____DoICP
_Div_8X8_U:
;__Lib_Math.c,189 :: 		
;__Lib_Math.c,196 :: 		
0x00F8	0x1283      	BCF        STATUS, 5
;__Lib_Math.c,197 :: 		
0x00F9	0x1303      	BCF        STATUS, 6
;__Lib_Math.c,198 :: 		
0x00FA	0x01F8      	CLRF       R8
;__Lib_Math.c,199 :: 		
0x00FB	0x3008      	MOVLW      8
;__Lib_Math.c,200 :: 		
0x00FC	0x00FC      	MOVWF      R12
;__Lib_Math.c,201 :: 		
0x00FD	0x0D70      	RLF        R0, 0
;__Lib_Math.c,202 :: 		
0x00FE	0x0DF8      	RLF        R8, 1
;__Lib_Math.c,203 :: 		
0x00FF	0x0874      	MOVF       R4, 0
;__Lib_Math.c,204 :: 		
0x0100	0x02F8      	SUBWF      R8, 1
;__Lib_Math.c,205 :: 		
0x0101	0x1803      	BTFSC      STATUS, 0
;__Lib_Math.c,206 :: 		
0x0102	0x2905      	GOTO       $+3
;__Lib_Math.c,207 :: 		
0x0103	0x07F8      	ADDWF      R8, 1
;__Lib_Math.c,208 :: 		
0x0104	0x1003      	BCF        STATUS, 0
;__Lib_Math.c,209 :: 		
0x0105	0x0DF0      	RLF        R0, 1
;__Lib_Math.c,210 :: 		
0x0106	0x0BFC      	DECFSZ     R12, 1
;__Lib_Math.c,211 :: 		
0x0107	0x28FD      	GOTO       $-10
;__Lib_Math.c,213 :: 		
L_end_Div_8X8_U:
0x0108	0x0008      	RETURN
; end of _Div_8X8_U
_clearw:
;final.c,127 :: 		void clearw(){
;final.c,128 :: 		portc=0;
0x0109	0x1283      	BCF        STATUS, 5
0x010A	0x1303      	BCF        STATUS, 6
0x010B	0x0187      	CLRF       PORTC
;final.c,129 :: 		}
L_end_clearw:
0x010C	0x0008      	RETURN
; end of _clearw
_cleare:
;final.c,131 :: 		void cleare(){
;final.c,132 :: 		portd=0;
0x010D	0x1283      	BCF        STATUS, 5
0x010E	0x1303      	BCF        STATUS, 6
0x010F	0x0188      	CLRF       PORTD
;final.c,133 :: 		}
L_end_cleare:
0x0110	0x0008      	RETURN
; end of _cleare
___CC2DW:
;__Lib_System.c,134 :: 		
;__Lib_System.c,137 :: 		
_CC2D_Loop1:
;__Lib_System.c,139 :: 		
0x0111	0x20F1      	CALL       _____DoICP
0x0112	0x118A      	BCF        PCLATH, 3
0x0113	0x120A      	BCF        PCLATH, 4
;__Lib_System.c,141 :: 		
0x0114	0x0080      	MOVWF      INDF
;__Lib_System.c,142 :: 		
0x0115	0x0A84      	INCF       FSR, 1
;__Lib_System.c,143 :: 		
0x0116	0x0AA3      	INCF       ___DoICPAddr, 1
;__Lib_System.c,145 :: 		
0x0117	0x1903      	BTFSC      STATUS, 2
;__Lib_System.c,146 :: 		
0x0118	0x0AA4      	INCF       ___DoICPAddr+1, 1
;__Lib_System.c,147 :: 		
0x0119	0x03F0      	DECF       R0, 1
;__Lib_System.c,149 :: 		
0x011A	0x1D03      	BTFSS      STATUS, 2
;__Lib_System.c,150 :: 		
0x011B	0x2911      	GOTO       _CC2D_Loop1
;__Lib_System.c,152 :: 		
L_end___CC2DW:
0x011C	0x0008      	RETURN
; end of ___CC2DW
_counter1:
;final.c,94 :: 		void counter1(char countw , char counte){
;final.c,95 :: 		char i =0;
0x011D	0x1283      	BCF        STATUS, 5
0x011E	0x1303      	BCF        STATUS, 6
0x011F	0x01AD      	CLRF       counter1_i_L0
;final.c,98 :: 		while(countw>0 && counte>0){
L_counter145:
0x0120	0x0828      	MOVF       FARG_counter1_countw, 0
0x0121	0x3C00      	SUBLW      0
0x0122	0x1803      	BTFSC      STATUS, 0
0x0123	0x2991      	GOTO       L_counter146
0x0124	0x0829      	MOVF       FARG_counter1_counte, 0
0x0125	0x3C00      	SUBLW      0
0x0126	0x1803      	BTFSC      STATUS, 0
0x0127	0x2991      	GOTO       L_counter146
L__counter164:
;final.c,99 :: 		char leftw =countw/10;
0x0128	0x300A      	MOVLW      10
0x0129	0x00F4      	MOVWF      R4
0x012A	0x0828      	MOVF       FARG_counter1_countw, 0
0x012B	0x00F0      	MOVWF      R0
0x012C	0x20F8      	CALL       _Div_8X8_U
0x012D	0x0870      	MOVF       R0, 0
0x012E	0x00AE      	MOVWF      FLOC__counter1
0x012F	0x300A      	MOVLW      10
0x0130	0x00F4      	MOVWF      R4
0x0131	0x0828      	MOVF       FARG_counter1_countw, 0
0x0132	0x00F0      	MOVWF      R0
0x0133	0x20F8      	CALL       _Div_8X8_U
0x0134	0x0878      	MOVF       R8, 0
0x0135	0x00F0      	MOVWF      R0
;final.c,100 :: 		char rightw =countw%10;
0x0136	0x0870      	MOVF       R0, 0
0x0137	0x00AA      	MOVWF      counter1_rightw_L1
;final.c,102 :: 		char lefte =counte/10;
0x0138	0x300A      	MOVLW      10
0x0139	0x00F4      	MOVWF      R4
0x013A	0x0829      	MOVF       FARG_counter1_counte, 0
0x013B	0x00F0      	MOVWF      R0
0x013C	0x20F8      	CALL       _Div_8X8_U
0x013D	0x0870      	MOVF       R0, 0
0x013E	0x00AB      	MOVWF      counter1_lefte_L1
;final.c,103 :: 		char righte =counte%10;
0x013F	0x300A      	MOVLW      10
0x0140	0x00F4      	MOVWF      R4
0x0141	0x0829      	MOVF       FARG_counter1_counte, 0
0x0142	0x00F0      	MOVWF      R0
0x0143	0x20F8      	CALL       _Div_8X8_U
0x0144	0x0878      	MOVF       R8, 0
0x0145	0x00F0      	MOVWF      R0
0x0146	0x0870      	MOVF       R0, 0
0x0147	0x00AC      	MOVWF      counter1_righte_L1
;final.c,104 :: 		porta.b0=0;     porta.b1=1;
0x0148	0x1005      	BCF        PORTA, 0
0x0149	0x1485      	BSF        PORTA, 1
;final.c,105 :: 		portc = leftw;
0x014A	0x082E      	MOVF       FLOC__counter1, 0
0x014B	0x0087      	MOVWF      PORTC
;final.c,106 :: 		delay_ms(5);
0x014C	0x300D      	MOVLW      13
0x014D	0x00FC      	MOVWF      R12
0x014E	0x30FB      	MOVLW      251
0x014F	0x00FD      	MOVWF      R13
L_counter149:
0x0150	0x0BFD      	DECFSZ     R13, 1
0x0151	0x2950      	GOTO       L_counter149
0x0152	0x0BFC      	DECFSZ     R12, 1
0x0153	0x2950      	GOTO       L_counter149
0x0154	0x0000      	NOP
0x0155	0x0000      	NOP
;final.c,107 :: 		porta.b0=1;     porta.b1=0;
0x0156	0x1405      	BSF        PORTA, 0
0x0157	0x1085      	BCF        PORTA, 1
;final.c,108 :: 		portc = rightw;
0x0158	0x082A      	MOVF       counter1_rightw_L1, 0
0x0159	0x0087      	MOVWF      PORTC
;final.c,109 :: 		delay_ms(5);
0x015A	0x300D      	MOVLW      13
0x015B	0x00FC      	MOVWF      R12
0x015C	0x30FB      	MOVLW      251
0x015D	0x00FD      	MOVWF      R13
L_counter150:
0x015E	0x0BFD      	DECFSZ     R13, 1
0x015F	0x295E      	GOTO       L_counter150
0x0160	0x0BFC      	DECFSZ     R12, 1
0x0161	0x295E      	GOTO       L_counter150
0x0162	0x0000      	NOP
0x0163	0x0000      	NOP
;final.c,111 :: 		porta.b2=0;     porta.b3=1;
0x0164	0x1105      	BCF        PORTA, 2
0x0165	0x1585      	BSF        PORTA, 3
;final.c,112 :: 		portd = lefte;
0x0166	0x082B      	MOVF       counter1_lefte_L1, 0
0x0167	0x0088      	MOVWF      PORTD
;final.c,113 :: 		delay_ms(5);
0x0168	0x300D      	MOVLW      13
0x0169	0x00FC      	MOVWF      R12
0x016A	0x30FB      	MOVLW      251
0x016B	0x00FD      	MOVWF      R13
L_counter151:
0x016C	0x0BFD      	DECFSZ     R13, 1
0x016D	0x296C      	GOTO       L_counter151
0x016E	0x0BFC      	DECFSZ     R12, 1
0x016F	0x296C      	GOTO       L_counter151
0x0170	0x0000      	NOP
0x0171	0x0000      	NOP
;final.c,114 :: 		porta.b2=1;     porta.b3=0;
0x0172	0x1505      	BSF        PORTA, 2
0x0173	0x1185      	BCF        PORTA, 3
;final.c,115 :: 		portd = righte;
0x0174	0x082C      	MOVF       counter1_righte_L1, 0
0x0175	0x0088      	MOVWF      PORTD
;final.c,116 :: 		delay_ms(5);
0x0176	0x300D      	MOVLW      13
0x0177	0x00FC      	MOVWF      R12
0x0178	0x30FB      	MOVLW      251
0x0179	0x00FD      	MOVWF      R13
L_counter152:
0x017A	0x0BFD      	DECFSZ     R13, 1
0x017B	0x297A      	GOTO       L_counter152
0x017C	0x0BFC      	DECFSZ     R12, 1
0x017D	0x297A      	GOTO       L_counter152
0x017E	0x0000      	NOP
0x017F	0x0000      	NOP
;final.c,118 :: 		i++;
0x0180	0x0AAD      	INCF       counter1_i_L0, 1
;final.c,119 :: 		if(i == 50){
0x0181	0x082D      	MOVF       counter1_i_L0, 0
0x0182	0x3A32      	XORLW      50
0x0183	0x1D03      	BTFSS      STATUS, 2
0x0184	0x2990      	GOTO       L_counter153
;final.c,120 :: 		if(countw > 0) countw--;
0x0185	0x0828      	MOVF       FARG_counter1_countw, 0
0x0186	0x3C00      	SUBLW      0
0x0187	0x1803      	BTFSC      STATUS, 0
0x0188	0x298A      	GOTO       L_counter154
0x0189	0x03A8      	DECF       FARG_counter1_countw, 1
L_counter154:
;final.c,121 :: 		if(counte > 0) counte--;
0x018A	0x0829      	MOVF       FARG_counter1_counte, 0
0x018B	0x3C00      	SUBLW      0
0x018C	0x1803      	BTFSC      STATUS, 0
0x018D	0x298F      	GOTO       L_counter155
0x018E	0x03A9      	DECF       FARG_counter1_counte, 1
L_counter155:
;final.c,122 :: 		i=0;
0x018F	0x01AD      	CLRF       counter1_i_L0
;final.c,123 :: 		}
L_counter153:
;final.c,124 :: 		}
0x0190	0x2920      	GOTO       L_counter145
L_counter146:
;final.c,125 :: 		}
L_end_counter1:
0x0191	0x0008      	RETURN
; end of _counter1
_main:
;final.c,137 :: 		void main() {
;final.c,138 :: 		ADCON1=0x07;
0x0192	0x3007      	MOVLW      7
0x0193	0x1683      	BSF        STATUS, 5
0x0194	0x1303      	BCF        STATUS, 6
0x0195	0x009F      	MOVWF      ADCON1
;final.c,139 :: 		trisc=0; portc=0;
0x0196	0x0187      	CLRF       TRISC
0x0197	0x1283      	BCF        STATUS, 5
0x0198	0x0187      	CLRF       PORTC
;final.c,140 :: 		trisd=0; portd=0;
0x0199	0x1683      	BSF        STATUS, 5
0x019A	0x0188      	CLRF       TRISD
0x019B	0x1283      	BCF        STATUS, 5
0x019C	0x0188      	CLRF       PORTD
;final.c,141 :: 		trisb=0b10000001; portb=0;
0x019D	0x3081      	MOVLW      129
0x019E	0x1683      	BSF        STATUS, 5
0x019F	0x0086      	MOVWF      TRISB
0x01A0	0x1283      	BCF        STATUS, 5
0x01A1	0x0186      	CLRF       PORTB
;final.c,142 :: 		trisa=0; porta=0;
0x01A2	0x1683      	BSF        STATUS, 5
0x01A3	0x0185      	CLRF       TRISA
0x01A4	0x1283      	BCF        STATUS, 5
0x01A5	0x0185      	CLRF       PORTA
;final.c,144 :: 		clearw();
0x01A6	0x2109      	CALL       _clearw
;final.c,145 :: 		cleare();
0x01A7	0x210D      	CALL       _cleare
;final.c,148 :: 		gie_bit=1;
0x01A8	0x178B      	BSF        GIE_bit, BitPos(GIE_bit+0)
;final.c,149 :: 		inte_bit=1;
0x01A9	0x160B      	BSF        INTE_bit, BitPos(INTE_bit+0)
;final.c,150 :: 		INTEDG_bit = 0;
0x01AA	0x1683      	BSF        STATUS, 5
0x01AB	0x1301      	BCF        INTEDG_bit, BitPos(INTEDG_bit+0)
;final.c,153 :: 		while(1){
L_main56:
;final.c,154 :: 		while(porta.b5==0);
L_main58:
0x01AC	0x1283      	BCF        STATUS, 5
0x01AD	0x1A85      	BTFSC      PORTA, 5
0x01AE	0x29B0      	GOTO       L_main59
0x01AF	0x29AC      	GOTO       L_main58
L_main59:
;final.c,155 :: 		portb.b6=1; portb.b5=1;
0x01B0	0x1706      	BSF        PORTB, 6
0x01B1	0x1686      	BSF        PORTB, 5
;final.c,156 :: 		counter1(15, 12);
0x01B2	0x300F      	MOVLW      15
0x01B3	0x00A8      	MOVWF      FARG_counter1_countw
0x01B4	0x300C      	MOVLW      12
0x01B5	0x00A9      	MOVWF      FARG_counter1_counte
0x01B6	0x211D      	CALL       _counter1
;final.c,157 :: 		clearw();
0x01B7	0x2109      	CALL       _clearw
;final.c,158 :: 		cleare();
0x01B8	0x210D      	CALL       _cleare
;final.c,159 :: 		portb.b5=0;
0x01B9	0x1286      	BCF        PORTB, 5
;final.c,161 :: 		portb.b6=1; portb.b4=1;
0x01BA	0x1706      	BSF        PORTB, 6
0x01BB	0x1606      	BSF        PORTB, 4
;final.c,162 :: 		counter1(3, 3);
0x01BC	0x3003      	MOVLW      3
0x01BD	0x00A8      	MOVWF      FARG_counter1_countw
0x01BE	0x3003      	MOVLW      3
0x01BF	0x00A9      	MOVWF      FARG_counter1_counte
0x01C0	0x211D      	CALL       _counter1
;final.c,163 :: 		clearw();
0x01C1	0x2109      	CALL       _clearw
;final.c,164 :: 		cleare();
0x01C2	0x210D      	CALL       _cleare
;final.c,166 :: 		portb.b6=0; portb.b4=0;
0x01C3	0x1306      	BCF        PORTB, 6
0x01C4	0x1206      	BCF        PORTB, 4
;final.c,168 :: 		portb.b2=1; portb.b3=1;
0x01C5	0x1506      	BSF        PORTB, 2
0x01C6	0x1586      	BSF        PORTB, 3
;final.c,169 :: 		counter1(20,23);
0x01C7	0x3014      	MOVLW      20
0x01C8	0x00A8      	MOVWF      FARG_counter1_countw
0x01C9	0x3017      	MOVLW      23
0x01CA	0x00A9      	MOVWF      FARG_counter1_counte
0x01CB	0x211D      	CALL       _counter1
;final.c,170 :: 		clearw();
0x01CC	0x2109      	CALL       _clearw
;final.c,171 :: 		cleare();
0x01CD	0x210D      	CALL       _cleare
;final.c,172 :: 		portb.b2=0;
0x01CE	0x1106      	BCF        PORTB, 2
;final.c,174 :: 		portb.b1=1; portb.b3=1;
0x01CF	0x1486      	BSF        PORTB, 1
0x01D0	0x1586      	BSF        PORTB, 3
;final.c,175 :: 		counter1(3,3);
0x01D1	0x3003      	MOVLW      3
0x01D2	0x00A8      	MOVWF      FARG_counter1_countw
0x01D3	0x3003      	MOVLW      3
0x01D4	0x00A9      	MOVWF      FARG_counter1_counte
0x01D5	0x211D      	CALL       _counter1
;final.c,176 :: 		clearw();
0x01D6	0x2109      	CALL       _clearw
;final.c,177 :: 		cleare();
0x01D7	0x210D      	CALL       _cleare
;final.c,178 :: 		portb.b1=0; portb.b3=0;
0x01D8	0x1086      	BCF        PORTB, 1
0x01D9	0x1186      	BCF        PORTB, 3
;final.c,179 :: 		}
0x01DA	0x29AC      	GOTO       L_main56
;final.c,180 :: 		}
L_end_main:
0x01DB	0x29DB      	GOTO       $+0
; end of _main
Symbol List:
//** Routines locations **
//ADDRESS    SIZE    PROCEDURE
//----------------------------------------------
0x0004     [237]    _interrupt
0x00F1       [7]    _____DoICP
0x00F8      [17]    _Div_8X8_U
0x0109       [4]    _clearw
0x010D       [4]    _cleare
0x0111      [12]    ___CC2DW
0x011D     [117]    _counter1
0x0192      [74]    _main
//** Variables locations ** 
//ADDRESS    SIZE    VARIABLE
//----------------------------------------------
0x0000       [1]    INDF
0x0002       [1]    PCL
0x0003       [1]    STATUS
0x0004       [1]    FSR
0x0005       [1]    PORTA
0x0006       [1]    PORTB
0x0007       [1]    PORTC
0x0008       [1]    PORTD
0x000A       [1]    PCLATH
0x000B       [0]    GIE_bit
0x000B       [0]    INTE_bit
0x000B       [0]    INTF_bit
0x0023       [2]    ___DoICPAddr
0x0025       [1]    _a
0x0026       [1]    ___savePCLATH
0x0027       [1]    ___saveSTATUS
0x0028       [1]    FARG_counter1_countw
0x0029       [1]    FARG_counter1_counte
0x002A       [1]    counter1_rightw_L1
0x002B       [1]    counter1_lefte_L1
0x002C       [1]    counter1_righte_L1
0x002D       [1]    counter1_i_L0
0x002E       [1]    FLOC__counter1
0x0070       [1]    R0
0x0071       [1]    R1
0x0072       [1]    R2
0x0073       [1]    R3
0x0074       [1]    R4
0x0075       [1]    R5
0x0076       [1]    R6
0x0077       [1]    R7
0x0078       [1]    R8
0x0079       [1]    R9
0x007A       [1]    R10
0x007B       [1]    R11
0x007C       [1]    R12
0x007D       [1]    R13
0x007E       [1]    R14
0x007F       [1]    R15
0x0081       [0]    INTEDG_bit
0x0085       [1]    TRISA
0x0086       [1]    TRISB
0x0087       [1]    TRISC
0x0088       [1]    TRISD
0x009F       [1]    ADCON1
//** Label List: ** 
//----------------------------------------------
  L_interrupt0
  L_interrupt1
  L_interrupt2
  L_interrupt3
  L_interrupt4
  L_interrupt5
  L_interrupt6
  L_interrupt7
  L_interrupt8
  L_interrupt9
  L_interrupt10
  L_interrupt11
  L_interrupt12
  L_interrupt13
  L_interrupt14
  L_interrupt15
  L_interrupt16
  L_interrupt17
  L_interrupt18
  L_interrupt19
  L_interrupt20
  L_interrupt21
  L_interrupt22
  L_interrupt23
  L_interrupt24
  L_interrupt25
  L_interrupt26
  L_interrupt27
  L_interrupt28
  L_interrupt29
  L_interrupt30
  L_interrupt31
  L_interrupt32
  L_interrupt33
  L_interrupt34
  L_interrupt35
  L_interrupt36
  L_interrupt37
  L_interrupt38
  L_interrupt39
  L_interrupt40
  L_interrupt41
  L_interrupt42
  L_interrupt43
  L_interrupt44
  L_counter145
  L_counter146
  L_counter147
  L_counter148
  L_counter149
  L_counter150
  L_counter151
  L_counter152
  L_counter153
  L_counter154
  L_counter155
  L_main56
  L_main57
  L_main58
  L_main59
  L__interrupt60
  L__interrupt61
  L__interrupt62
  L__interrupt63
  L__counter164
  L_end_interrupt
  _interrupt
  L__interrupt66
  L_end_counter1
  _counter1
  L_end_clearw
  _clearw
  L_end_cleare
  _cleare
  L_end_main
  _main
  L_Div_16x16_S0
  L_Div_16x16_S1
  LOOPS3232A
  SADD22LA
  SOK22LA
  SADD22L8
  SOK22L8
  LOOPS3232B
  SADD22LB
  SOK22LB
  SADD22L16
  SOK22L16
  LOOPS3232C
  SADD22LC
  SOK22LC
  SADD22L24
  SOK22L24
  LOOPS3232D
  SADD22LD
  SOK22LD
  SOK22L
  L_Div_32x32_S6
  L_Div_32x32_S7
  L_Div_32x32_S8
  L_Div_32x32_S9
  FXD3232S
  END_ALL
  CA3232S
  C3232SX
  C3232SX1
  C3232S
  C3232S2
  C3232SX4
  C3232SOK
  C3232SX3
  C3232SX2
  avoid_comfrem
  LOOPU3232A
  UADD22LA
  UOK22LA
  UADD22L8
  UOK22L8
  LOOPU3232B
  UADD22LB
  UOK22LB
  UADD22L16
  UOK22L16
  LOOPU3232C
  UADD22LC
  UOK22LC
  UADD22L24
  UOK22L24
  LOOPU3232D
  UADD22LD
  UOK22LD
  UOK22L
  _NEXT
  _EXIT2
  _LOOP
  _EXIT1
  _IF_FIRST
  _IF_SECOND
  _INVERCE_FIRST
  _MULT
  _INBERSE_SECOND
  _EXIT
  L_end_Mul_8X8_U
  _Mul_8X8_U
  L_end_Mul_16X16_U
  _Mul_16X16_U
  L_end_Div_8X8_U
  _Div_8X8_U
  L_end_Div_16X16_U
  _Div_16X16_U
  L_end_Mul_8X8_S
  _Mul_8X8_S
  L_end_Mul_16X16_S
  _Mul_16X16_S
  L_end_Div_16x16_S_L
  _Div_16x16_S_L
  L_end_Div_16x16_S
  _Div_16x16_S
  L_end_Div_8X8_S
  _Div_8X8_S
  L_end_SDIV3232L
  _SDIV3232L
  L_end_COMFREM
  _COMFREM
  L_end_Div_32x32_S
  _Div_32x32_S
  L_end_Div_32x32_U
  _Div_32x32_U
  L_end_Mul_32x32_U
  _Mul_32x32_U
  L_end_Mul_32x32_S
  _Mul_32x32_S
  L_loopCA2AWs
  L_CA2AWend
  _CCA2AW_Loop1
  L_loopCS2Ss
  L_CS2Send
  _CCS2S_Loop1
  L_CCS2Send
  L_loopFZinSWs
  L_FZinSend
  _CC2D_Loop1
  L_end_____DoICP
  _____DoICP
  L_end_____DoIFC
  _____DoIFC
  L_end___CA2AW
  ___CA2AW
  L_end___CCA2AW
  ___CCA2AW
  L_end___CS2S
  ___CS2S
  L_end___CCS2S
  ___CCS2S
  L_end___FZinS
  ___FZinS
  L_end___CC2DW
  ___CC2DW
  L_end_Swap
  _Swap
  L_interrupt0
  L_interrupt1
  L_interrupt2
  L_interrupt3
  L_interrupt4
  L_interrupt5
  L_interrupt6
  L_interrupt7
  L_interrupt8
  L_interrupt9
  L_interrupt10
  L_interrupt11
  L_interrupt12
  L_interrupt13
  L_interrupt14
  L_interrupt15
  L_interrupt16
  L_interrupt17
  L_interrupt18
  L_interrupt19
  L_interrupt20
  L_interrupt21
  L_interrupt22
  L_interrupt23
  L_interrupt24
  L_interrupt25
  L_interrupt26
  L_interrupt27
  L_interrupt28
  L_interrupt29
  L_interrupt30
  L_interrupt31
  L_interrupt32
  L_interrupt33
  L_interrupt34
  L_interrupt35
  L_interrupt36
  L_interrupt37
  L_interrupt38
  L_interrupt39
  L_interrupt40
  L_interrupt41
  L_interrupt42
  L_interrupt43
  L_interrupt44
  L_counter145
  L_counter146
  L_counter147
  L_counter148
  L_counter149
  L_counter150
  L_counter151
  L_counter152
  L_counter153
  L_counter154
  L_counter155
  L_main56
  L_main57
  L_main58
  L_main59
  L__interrupt60
  L__interrupt61
  L__interrupt62
  L__interrupt63
  L__counter164
  L_end_interrupt
  _interrupt
  L__interrupt66
  L_end_counter1
  _counter1
  L_end_clearw
  _clearw
  L_end_cleare
  _cleare
  L_end_main
  _main
